<?xml version="1.0" encoding="UTF-8"?>
<!-- Generated by org.testng.reporters.JUnitReportReporter -->
<testsuite hostname="DESKTOP-03F20BQ" failures="0" tests="2" name="pack2.OrgTest" time="0.307" errors="0" timestamp="2025-01-30T16:49:30 IST" skipped="0">
  <testcase classname="pack2.OrgTest" name="modifyOrg" time="0.001"/>
  <testcase classname="pack2.OrgTest" name="createOrg" time="0.306"/>
</testsuite> <!-- pack2.OrgTest -->
